<?xml version="1.0" encoding="UTF-8"?>
<!-- Generated by org.testng.reporters.JUnitXMLReporter -->
<testsuite hostname="Krishna-S-Machine" ignored="0" name="TestOfselenium" tests="4" failures="0" timestamp="03 Jun 2019 23:07:13 GMT" time="363.752" errors="0">
  <testcase name="loginTestCase" time="87.408" classname="com.influents.maintestcases.LoginTestCaseInfluents"/>
  <testcase name="pushtoSpecificAudienceTest" time="181.602" classname="com.influents.maintestcases.SendSnap_SpecificAudience"/>
  <testcase name="creatingCard_NewCard" time="45.616" classname="com.influents.maintestcases.SnapCast_CardView_NewCard"/>
  <testcase name="snapCast_PushToeveryone" time="32.534" classname="com.influents.maintestcases.SnapCastToEveryone_PushNotification"/>
</testsuite> <!-- TestOfselenium -->
