<?xml version="1.0" encoding="UTF-8"?>
<testng-results skipped="0" failed="0" ignored="0" total="1" passed="1">
  <reporter-output>
  </reporter-output>
  <suite name="Default suite" duration-ms="14636" started-at="2020-01-03T22:14:09Z" finished-at="2020-01-03T22:14:24Z">
    <groups>
    </groups>
    <test name="Default test" duration-ms="14636" started-at="2020-01-03T22:14:09Z" finished-at="2020-01-03T22:14:24Z">
      <class name="com.influents.maintestcases.CheckingTestDate">
        <test-method status="PASS" signature="beforeTest()[pri:0, instance:com.influents.maintestcases.CheckingTestDate@e45eb6]" name="beforeTest" is-config="true" duration-ms="9" started-at="2020-01-03T17:14:09Z" finished-at="2020-01-03T17:14:09Z">
          <reporter-output>
          </reporter-output>
        </test-method> <!-- beforeTest -->
        <test-method status="PASS" signature="beforeClass()[pri:0, instance:com.influents.maintestcases.CheckingTestDate@e45eb6]" name="beforeClass" is-config="true" duration-ms="3035" started-at="2020-01-03T17:14:09Z" finished-at="2020-01-03T17:14:12Z">
          <reporter-output>
          </reporter-output>
        </test-method> <!-- beforeClass -->
        <test-method status="PASS" signature="beforeMethod()[pri:0, instance:com.influents.maintestcases.CheckingTestDate@e45eb6]" name="beforeMethod" is-config="true" duration-ms="0" started-at="2020-01-03T17:14:12Z" finished-at="2020-01-03T17:14:12Z">
          <reporter-output>
          </reporter-output>
        </test-method> <!-- beforeMethod -->
        <test-method status="PASS" signature="checkingDateTest()[pri:0, instance:com.influents.maintestcases.CheckingTestDate@e45eb6]" name="checkingDateTest" duration-ms="11569" started-at="2020-01-03T17:14:12Z" finished-at="2020-01-03T17:14:24Z">
          <reporter-output>
          </reporter-output>
        </test-method> <!-- checkingDateTest -->
        <test-method status="PASS" signature="afterMethod()[pri:0, instance:com.influents.maintestcases.CheckingTestDate@e45eb6]" name="afterMethod" is-config="true" duration-ms="0" started-at="2020-01-03T17:14:24Z" finished-at="2020-01-03T17:14:24Z">
          <reporter-output>
          </reporter-output>
        </test-method> <!-- afterMethod -->
        <test-method status="PASS" signature="afterClass()[pri:0, instance:com.influents.maintestcases.CheckingTestDate@e45eb6]" name="afterClass" is-config="true" duration-ms="0" started-at="2020-01-03T17:14:24Z" finished-at="2020-01-03T17:14:24Z">
          <reporter-output>
          </reporter-output>
        </test-method> <!-- afterClass -->
      </class> <!-- com.influents.maintestcases.CheckingTestDate -->
    </test> <!-- Default test -->
  </suite> <!-- Default suite -->
</testng-results>
